0 verbose cli /usr/bin/node /usr/bin/npm
1 info using npm@9.6.7
2 info using node@v20.3.1
3 timing npm:load:whichnode Completed in 1ms
4 timing config:load:defaults Completed in 2ms
5 timing config:load:file:/usr/lib/node_modules/npm/npmrc Completed in 1ms
6 timing config:load:builtin Completed in 1ms
7 timing config:load:cli Completed in 3ms
8 timing config:load:env Completed in 1ms
9 timing config:load:project Completed in 1ms
10 timing config:load:file:/var/www/.npmrc Completed in 0ms
11 timing config:load:user Completed in 0ms
12 timing config:load:file:/usr/etc/npmrc Completed in 0ms
13 timing config:load:global Completed in 0ms
14 timing config:load:setEnvs Completed in 1ms
15 timing config:load Completed in 10ms
16 timing npm:load:configload Completed in 10ms
17 timing npm:load:mkdirpcache Completed in 1ms
18 timing npm:load:mkdirplogs Completed in 0ms
19 verbose title npm install
20 verbose argv "install"
21 timing npm:load:setTitle Completed in 2ms
22 timing config:load:flatten Completed in 4ms
23 timing npm:load:display Completed in 5ms
24 verbose logfile logs-max:10 dir:/var/www/.npm/_logs/2023-06-23T01_35_56_817Z-
25 verbose logfile /var/www/.npm/_logs/2023-06-23T01_35_56_817Z-debug-0.log
26 timing npm:load:logFile Completed in 10ms
27 timing npm:load:timers Completed in 0ms
28 timing npm:load:configScope Completed in 0ms
29 timing npm:load Completed in 31ms
30 timing arborist:ctor Completed in 1ms
31 silly logfile done cleaning log files
32 timing idealTree:init Completed in 57ms
33 timing idealTree:userRequests Completed in 1ms
34 silly idealTree buildDeps
35 timing idealTree:#root Completed in 0ms
36 timing idealTree:buildDeps Completed in 1ms
37 timing idealTree:fixDepFlags Completed in 0ms
38 timing idealTree Completed in 62ms
39 timing arborist:ctor Completed in 0ms
40 timing reify:loadTrees Completed in 77ms
41 timing reify:diffTrees Completed in 8ms
42 silly reify moves {}
43 timing reify:retireShallow Completed in 2ms
44 timing reify:rollback:createSparse Completed in 0ms
45 timing reify:rollback:retireShallow Completed in 0ms
46 timing command:install Completed in 175ms
47 verbose stack Error: EACCES: permission denied, mkdir '/var/www/node_modules/@esbuild/android-arm'
48 verbose cwd /var/www
49 verbose Linux 6.2.0-20-generic
50 verbose node v20.3.1
51 verbose npm  v9.6.7
52 error code EACCES
53 error syscall mkdir
54 error path /var/www/node_modules/@esbuild/android-arm
55 error errno -13
56 error [Error: EACCES: permission denied, mkdir '/var/www/node_modules/@esbuild/android-arm'] {
56 error   errno: -13,
56 error   code: 'EACCES',
56 error   syscall: 'mkdir',
56 error   path: '/var/www/node_modules/@esbuild/android-arm'
56 error }
57 error
57 error The operation was rejected by your operating system.
57 error It is likely you do not have the permissions to access this file as the current user
57 error
57 error If you believe this might be a permissions issue, please double-check the
57 error permissions of the file and its containing directories, or try running
57 error the command again as root/Administrator.
58 verbose exit -13
59 timing npm Completed in 407ms
60 verbose unfinished npm timer reify 1687484157038
61 verbose unfinished npm timer reify:createSparse 1687484157203
62 verbose code -13
63 error A complete log of this run can be found in: /var/www/.npm/_logs/2023-06-23T01_35_56_817Z-debug-0.log
